mode: set
github.com/heimdall-controller/slack-prototype/controllers/event_controller.go:45.86,52.16 2 0
github.com/heimdall-controller/slack-prototype/controllers/event_controller.go:58.2,59.16 2 0
github.com/heimdall-controller/slack-prototype/controllers/event_controller.go:65.2,67.16 2 0
github.com/heimdall-controller/slack-prototype/controllers/event_controller.go:72.2,72.12 1 0
github.com/heimdall-controller/slack-prototype/controllers/event_controller.go:52.16,55.3 2 0
github.com/heimdall-controller/slack-prototype/controllers/event_controller.go:59.16,62.3 2 0
github.com/heimdall-controller/slack-prototype/controllers/event_controller.go:67.16,70.3 2 0
github.com/heimdall-controller/slack-prototype/controllers/event_controller.go:79.102,84.16 4 0
github.com/heimdall-controller/slack-prototype/controllers/event_controller.go:92.2,99.16 3 0
github.com/heimdall-controller/slack-prototype/controllers/event_controller.go:111.2,115.27 3 0
github.com/heimdall-controller/slack-prototype/controllers/event_controller.go:84.16,85.29 1 0
github.com/heimdall-controller/slack-prototype/controllers/event_controller.go:88.3,88.28 1 0
github.com/heimdall-controller/slack-prototype/controllers/event_controller.go:85.29,87.4 1 0
github.com/heimdall-controller/slack-prototype/controllers/event_controller.go:99.16,100.29 1 0
github.com/heimdall-controller/slack-prototype/controllers/event_controller.go:107.3,108.33 2 0
github.com/heimdall-controller/slack-prototype/controllers/event_controller.go:100.29,102.18 2 0
github.com/heimdall-controller/slack-prototype/controllers/event_controller.go:105.4,105.68 1 0
github.com/heimdall-controller/slack-prototype/controllers/event_controller.go:102.18,104.5 1 0
